<?xml version="1.0" encoding="UTF-8"?>
<testng-results ignored="0" total="2" passed="1" failed="1" skipped="0">
  <reporter-output>
  </reporter-output>
  <suite started-at="2025-06-19T13:48:49 IST" name="Suite" finished-at="2025-06-19T13:49:15 IST" duration-ms="25742">
    <groups>
      <group name="RegressionSuite">
        <method signature="ADDLowestPriceProducttocartTC_002.AddLowestPriceproducttocarttest()[pri:0, instance:testNgPractice.ADDLowestPriceProducttocartTC_002@7530ad9c]" name="AddLowestPriceproducttocarttest" class="testNgPractice.ADDLowestPriceProducttocartTC_002"/>
      </group> <!-- RegressionSuite -->
    </groups>
    <test started-at="2025-06-19T13:48:49 IST" name="Test-Runner-1" finished-at="2025-06-19T13:49:13 IST" duration-ms="23749">
      <class name="testNgPractice.AddProducttocartTestNG">
        <test-method is-config="true" signature="BCconfig()[pri:0, instance:testNgPractice.AddProducttocartTestNG@4116aac9]" started-at="2025-06-19T13:48:49 IST" name="BCconfig" finished-at="2025-06-19T13:48:59 IST" duration-ms="9472" status="PASS">
          <reporter-output>
          </reporter-output>
        </test-method> <!-- BCconfig -->
        <test-method is-config="true" signature="BMconfig()[pri:0, instance:testNgPractice.AddProducttocartTestNG@4116aac9]" started-at="2025-06-19T13:48:59 IST" name="BMconfig" finished-at="2025-06-19T13:48:59 IST" duration-ms="378" status="PASS">
          <reporter-output>
          </reporter-output>
        </test-method> <!-- BMconfig -->
        <test-method signature="AddProducttocartTestNg()[pri:0, instance:testNgPractice.AddProducttocartTestNG@4116aac9]" started-at="2025-06-19T13:48:59 IST" name="AddProducttocartTestNg" finished-at="2025-06-19T13:49:10 IST" duration-ms="11322" status="PASS">
          <reporter-output>
          </reporter-output>
        </test-method> <!-- AddProducttocartTestNg -->
        <test-method is-config="true" signature="AMconfig()[pri:0, instance:testNgPractice.AddProducttocartTestNG@4116aac9]" started-at="2025-06-19T13:49:10 IST" name="AMconfig" finished-at="2025-06-19T13:49:11 IST" duration-ms="295" status="PASS">
          <reporter-output>
          </reporter-output>
        </test-method> <!-- AMconfig -->
        <test-method is-config="true" signature="ACconfig()[pri:0, instance:testNgPractice.AddProducttocartTestNG@4116aac9]" started-at="2025-06-19T13:49:11 IST" name="ACconfig" finished-at="2025-06-19T13:49:13 IST" duration-ms="1918" status="PASS">
          <reporter-output>
          </reporter-output>
        </test-method> <!-- ACconfig -->
      </class> <!-- testNgPractice.AddProducttocartTestNG -->
    </test> <!-- Test-Runner-1 -->
    <test started-at="2025-06-19T13:48:49 IST" name="Test-Runner-2" finished-at="2025-06-19T13:49:15 IST" duration-ms="25742">
      <class name="testNgPractice.ADDLowestPriceProducttocartTC_002">
        <test-method is-config="true" signature="BSconfig()[pri:0, instance:testNgPractice.ADDLowestPriceProducttocartTC_002@7530ad9c]" started-at="2025-06-19T13:48:49 IST" name="BSconfig" finished-at="2025-06-19T13:48:49 IST" duration-ms="13" status="PASS">
          <reporter-output>
          </reporter-output>
        </test-method> <!-- BSconfig -->
        <test-method is-config="true" signature="BCconfig()[pri:0, instance:testNgPractice.ADDLowestPriceProducttocartTC_002@7530ad9c]" started-at="2025-06-19T13:48:49 IST" name="BCconfig" finished-at="2025-06-19T13:49:00 IST" duration-ms="10710" status="PASS">
          <reporter-output>
          </reporter-output>
        </test-method> <!-- BCconfig -->
        <test-method is-config="true" signature="BMconfig()[pri:0, instance:testNgPractice.ADDLowestPriceProducttocartTC_002@7530ad9c]" started-at="2025-06-19T13:49:00 IST" name="BMconfig" finished-at="2025-06-19T13:49:02 IST" duration-ms="2188" status="PASS">
          <reporter-output>
          </reporter-output>
        </test-method> <!-- BMconfig -->
        <test-method signature="AddLowestPriceproducttocarttest()[pri:0, instance:testNgPractice.ADDLowestPriceProducttocartTC_002@7530ad9c]" started-at="2025-06-19T13:49:02 IST" name="AddLowestPriceproducttocarttest" finished-at="2025-06-19T13:49:12 IST" duration-ms="9769" status="FAIL">
          <exception class="java.lang.AssertionError">
            <message>
              <![CDATA[null]]>
            </message>
            <full-stacktrace>
              <![CDATA[java.lang.AssertionError: null
at org.testng.Assert.fail(Assert.java:111)
at org.testng.Assert.fail(Assert.java:116)
at testNgPractice.ADDLowestPriceProducttocartTC_002.AddLowestPriceproducttocarttest(ADDLowestPriceProducttocartTC_002.java:50)
at java.base/jdk.internal.reflect.DirectMethodHandleAccessor.invoke(DirectMethodHandleAccessor.java:103)
at java.base/java.lang.reflect.Method.invoke(Method.java:580)
at org.testng.internal.invokers.MethodInvocationHelper.invokeMethod(MethodInvocationHelper.java:141)
at org.testng.internal.invokers.TestInvoker.invokeMethod(TestInvoker.java:687)
at org.testng.internal.invokers.TestInvoker.invokeTestMethod(TestInvoker.java:230)
at org.testng.internal.invokers.MethodRunner.runInSequence(MethodRunner.java:63)
at org.testng.internal.invokers.TestInvoker$MethodInvocationAgent.invoke(TestInvoker.java:995)
at org.testng.internal.invokers.TestInvoker.invokeTestMethods(TestInvoker.java:203)
at org.testng.internal.invokers.TestMethodWorker.invokeTestMethods(TestMethodWorker.java:154)
at org.testng.internal.invokers.TestMethodWorker.run(TestMethodWorker.java:134)
at java.base/java.util.ArrayList.forEach(ArrayList.java:1596)
at org.testng.TestRunner.privateRun(TestRunner.java:741)
at org.testng.TestRunner.run(TestRunner.java:616)
at org.testng.SuiteRunner.runTest(SuiteRunner.java:421)
at org.testng.SuiteRunner$SuiteWorker.run(SuiteRunner.java:463)
at org.testng.internal.thread.ThreadUtil.lambda$execute$0(ThreadUtil.java:64)
at java.base/java.util.concurrent.FutureTask.run(FutureTask.java:317)
at java.base/java.util.concurrent.ThreadPoolExecutor.runWorker(ThreadPoolExecutor.java:1144)
at java.base/java.util.concurrent.ThreadPoolExecutor$Worker.run(ThreadPoolExecutor.java:642)
at java.base/java.lang.Thread.run(Thread.java:1583)
]]>
            </full-stacktrace>
          </exception> <!-- java.lang.AssertionError -->
          <reporter-output>
          </reporter-output>
        </test-method> <!-- AddLowestPriceproducttocarttest -->
        <test-method is-config="true" signature="AMconfig()[pri:0, instance:testNgPractice.ADDLowestPriceProducttocartTC_002@7530ad9c]" started-at="2025-06-19T13:49:12 IST" name="AMconfig" finished-at="2025-06-19T13:49:12 IST" duration-ms="395" status="PASS">
          <reporter-output>
          </reporter-output>
        </test-method> <!-- AMconfig -->
        <test-method is-config="true" signature="ACconfig()[pri:0, instance:testNgPractice.ADDLowestPriceProducttocartTC_002@7530ad9c]" started-at="2025-06-19T13:49:13 IST" name="ACconfig" finished-at="2025-06-19T13:49:15 IST" duration-ms="2132" status="PASS">
          <reporter-output>
          </reporter-output>
        </test-method> <!-- ACconfig -->
        <test-method is-config="true" signature="ASconfig()[pri:0, instance:testNgPractice.ADDLowestPriceProducttocartTC_002@7530ad9c]" started-at="2025-06-19T13:49:15 IST" name="ASconfig" finished-at="2025-06-19T13:49:15 IST" duration-ms="1" status="PASS">
          <reporter-output>
          </reporter-output>
        </test-method> <!-- ASconfig -->
      </class> <!-- testNgPractice.ADDLowestPriceProducttocartTC_002 -->
    </test> <!-- Test-Runner-2 -->
  </suite> <!-- Suite -->
</testng-results>
